<?xml version="1.0" encoding="UTF-8"?>
<!-- Generated by org.testng.reporters.JUnitXMLReporter -->
<testsuite hostname="IGSA937002-PC" ignored="0" name="Test" tests="8" failures="0" timestamp="2021-08-22T16:56:05 AEST" time="102.709" errors="0">
  <testcase name="errorValidationOfContactPage" time="16.292" classname="com.planittesting.cloud.jupiter.testcases.ContactPageTestcases"/>
  <testcase name="verifySubmissionOfFeedBackMsg" time="5.103" classname="com.planittesting.cloud.jupiter.testcases.ContactPageTestcases"/>
  <testcase name="verifySubmissionOfFeedBackMsg" time="2.646" classname="com.planittesting.cloud.jupiter.testcases.ContactPageTestcases"/>
  <testcase name="verifySubmissionOfFeedBackMsg" time="13.396" classname="com.planittesting.cloud.jupiter.testcases.ContactPageTestcases"/>
  <testcase name="verifySubmissionOfFeedBackMsg" time="2.891" classname="com.planittesting.cloud.jupiter.testcases.ContactPageTestcases"/>
  <testcase name="verifySubmissionOfFeedBackMsg" time="5.634" classname="com.planittesting.cloud.jupiter.testcases.ContactPageTestcases"/>
  <testcase name="verificationOfItemsInCart" time="2.042" classname="com.planittesting.cloud.jupiter.testcases.ShopPageTestCases"/>
  <testcase name="verificationOfProductUnitPriceSubtotalPriceAndTotalPrice" time="3.421" classname="com.planittesting.cloud.jupiter.testcases.ShopPageTestCases"/>
</testsuite> <!-- Test -->
