<?xml version="1.0" encoding="UTF-8"?>
<testng-results skipped="0" failed="2" ignored="0" total="2" passed="0">
  <reporter-output>
  </reporter-output>
  <suite name="Suite" duration-ms="16606" started-at="2021-08-22T03:31:30 AEST" finished-at="2021-08-22T03:31:46 AEST">
    <groups>
    </groups>
    <test name="Test" duration-ms="16606" started-at="2021-08-22T03:31:30 AEST" finished-at="2021-08-22T03:31:46 AEST">
      <class name="com.planittesting.cloud.jupiter.testcases.ShopPageTestCases">
        <test-method status="PASS" signature="setUp()[pri:0, instance:com.planittesting.cloud.jupiter.testcases.ShopPageTestCases@8e50104]" name="setUp" is-config="true" duration-ms="7038" started-at="2021-08-22T03:31:30 AEST" finished-at="2021-08-22T03:31:37 AEST">
          <reporter-output>
          </reporter-output>
        </test-method> <!-- setUp -->
        <test-method status="FAIL" signature="verificationOfItemsInCart()[pri:0, instance:com.planittesting.cloud.jupiter.testcases.ShopPageTestCases@8e50104]" name="verificationOfItemsInCart" duration-ms="338" started-at="2021-08-22T03:31:37 AEST" finished-at="2021-08-22T03:31:37 AEST">
          <exception class="java.lang.NullPointerException">
            <full-stacktrace>
              <![CDATA[java.lang.NullPointerException
at com.planittesting.cloud.jupiter.pageactions.ShopPageActions.buyFunnyCow(ShopPageActions.java:25)
at com.planittesting.cloud.jupiter.testcases.ShopPageTestCases.verificationOfItemsInCart(ShopPageTestCases.java:29)
at sun.reflect.NativeMethodAccessorImpl.invoke0(Native Method)
at sun.reflect.NativeMethodAccessorImpl.invoke(NativeMethodAccessorImpl.java:62)
at sun.reflect.DelegatingMethodAccessorImpl.invoke(DelegatingMethodAccessorImpl.java:43)
at java.lang.reflect.Method.invoke(Method.java:498)
at org.testng.internal.MethodInvocationHelper.invokeMethod(MethodInvocationHelper.java:133)
at org.testng.internal.TestInvoker.invokeMethod(TestInvoker.java:598)
at org.testng.internal.TestInvoker.invokeTestMethod(TestInvoker.java:173)
at org.testng.internal.MethodRunner.runInSequence(MethodRunner.java:46)
at org.testng.internal.TestInvoker$MethodInvocationAgent.invoke(TestInvoker.java:824)
at org.testng.internal.TestInvoker.invokeTestMethods(TestInvoker.java:146)
at org.testng.internal.TestMethodWorker.invokeTestMethods(TestMethodWorker.java:146)
at org.testng.internal.TestMethodWorker.run(TestMethodWorker.java:128)
at java.util.ArrayList.forEach(ArrayList.java:1257)
at org.testng.TestRunner.privateRun(TestRunner.java:794)
at org.testng.TestRunner.run(TestRunner.java:596)
at org.testng.SuiteRunner.runTest(SuiteRunner.java:377)
at org.testng.SuiteRunner.runSequentially(SuiteRunner.java:371)
at org.testng.SuiteRunner.privateRun(SuiteRunner.java:332)
at org.testng.SuiteRunner.run(SuiteRunner.java:276)
at org.testng.SuiteRunnerWorker.runSuite(SuiteRunnerWorker.java:53)
at org.testng.SuiteRunnerWorker.run(SuiteRunnerWorker.java:96)
at org.testng.TestNG.runSuitesSequentially(TestNG.java:1212)
at org.testng.TestNG.runSuitesLocally(TestNG.java:1134)
at org.testng.TestNG.runSuites(TestNG.java:1063)
at org.testng.TestNG.run(TestNG.java:1031)
at org.testng.remote.AbstractRemoteTestNG.run(AbstractRemoteTestNG.java:115)
at org.testng.remote.RemoteTestNG.initAndRun(RemoteTestNG.java:251)
at org.testng.remote.RemoteTestNG.main(RemoteTestNG.java:77)
]]>
            </full-stacktrace>
          </exception> <!-- java.lang.NullPointerException -->
          <reporter-output>
          </reporter-output>
        </test-method> <!-- verificationOfItemsInCart -->
        <test-method status="PASS" signature="tearDown()[pri:0, instance:com.planittesting.cloud.jupiter.testcases.ShopPageTestCases@8e50104]" name="tearDown" is-config="true" duration-ms="829" started-at="2021-08-22T03:31:38 AEST" finished-at="2021-08-22T03:31:39 AEST">
          <reporter-output>
          </reporter-output>
        </test-method> <!-- tearDown -->
        <test-method status="PASS" signature="setUp()[pri:0, instance:com.planittesting.cloud.jupiter.testcases.ShopPageTestCases@8e50104]" name="setUp" is-config="true" duration-ms="4932" started-at="2021-08-22T03:31:39 AEST" finished-at="2021-08-22T03:31:44 AEST">
          <reporter-output>
          </reporter-output>
        </test-method> <!-- setUp -->
        <test-method status="FAIL" signature="verificationOfProductUnitPriceAndTotalPrice()[pri:0, instance:com.planittesting.cloud.jupiter.testcases.ShopPageTestCases@8e50104]" name="verificationOfProductUnitPriceAndTotalPrice" duration-ms="205" started-at="2021-08-22T03:31:44 AEST" finished-at="2021-08-22T03:31:44 AEST">
          <exception class="java.lang.NullPointerException">
            <full-stacktrace>
              <![CDATA[java.lang.NullPointerException
at com.planittesting.cloud.jupiter.pageactions.ShopPageActions.buyStuffedFrog(ShopPageActions.java:44)
at com.planittesting.cloud.jupiter.testcases.ShopPageTestCases.verificationOfProductUnitPriceAndTotalPrice(ShopPageTestCases.java:38)
at sun.reflect.NativeMethodAccessorImpl.invoke0(Native Method)
at sun.reflect.NativeMethodAccessorImpl.invoke(NativeMethodAccessorImpl.java:62)
at sun.reflect.DelegatingMethodAccessorImpl.invoke(DelegatingMethodAccessorImpl.java:43)
at java.lang.reflect.Method.invoke(Method.java:498)
at org.testng.internal.MethodInvocationHelper.invokeMethod(MethodInvocationHelper.java:133)
at org.testng.internal.TestInvoker.invokeMethod(TestInvoker.java:598)
at org.testng.internal.TestInvoker.invokeTestMethod(TestInvoker.java:173)
at org.testng.internal.MethodRunner.runInSequence(MethodRunner.java:46)
at org.testng.internal.TestInvoker$MethodInvocationAgent.invoke(TestInvoker.java:824)
at org.testng.internal.TestInvoker.invokeTestMethods(TestInvoker.java:146)
at org.testng.internal.TestMethodWorker.invokeTestMethods(TestMethodWorker.java:146)
at org.testng.internal.TestMethodWorker.run(TestMethodWorker.java:128)
at java.util.ArrayList.forEach(ArrayList.java:1257)
at org.testng.TestRunner.privateRun(TestRunner.java:794)
at org.testng.TestRunner.run(TestRunner.java:596)
at org.testng.SuiteRunner.runTest(SuiteRunner.java:377)
at org.testng.SuiteRunner.runSequentially(SuiteRunner.java:371)
at org.testng.SuiteRunner.privateRun(SuiteRunner.java:332)
at org.testng.SuiteRunner.run(SuiteRunner.java:276)
at org.testng.SuiteRunnerWorker.runSuite(SuiteRunnerWorker.java:53)
at org.testng.SuiteRunnerWorker.run(SuiteRunnerWorker.java:96)
at org.testng.TestNG.runSuitesSequentially(TestNG.java:1212)
at org.testng.TestNG.runSuitesLocally(TestNG.java:1134)
at org.testng.TestNG.runSuites(TestNG.java:1063)
at org.testng.TestNG.run(TestNG.java:1031)
at org.testng.remote.AbstractRemoteTestNG.run(AbstractRemoteTestNG.java:115)
at org.testng.remote.RemoteTestNG.initAndRun(RemoteTestNG.java:251)
at org.testng.remote.RemoteTestNG.main(RemoteTestNG.java:77)
]]>
            </full-stacktrace>
          </exception> <!-- java.lang.NullPointerException -->
          <reporter-output>
          </reporter-output>
        </test-method> <!-- verificationOfProductUnitPriceAndTotalPrice -->
        <test-method status="PASS" signature="tearDown()[pri:0, instance:com.planittesting.cloud.jupiter.testcases.ShopPageTestCases@8e50104]" name="tearDown" is-config="true" duration-ms="871" started-at="2021-08-22T03:31:45 AEST" finished-at="2021-08-22T03:31:46 AEST">
          <reporter-output>
          </reporter-output>
        </test-method> <!-- tearDown -->
      </class> <!-- com.planittesting.cloud.jupiter.testcases.ShopPageTestCases -->
    </test> <!-- Test -->
  </suite> <!-- Suite -->
</testng-results>
